2020-04-09 11:42:18.498 WARN  simpleMessageListenerContainer-1 SimpleMessageListenerContainer - An Exception occurred while polling queue 'sqs-us-east-1-ap-pe-pch-analytics-product-collector-in-u'. The failing operation will be retried in 10000 milliseconds 
com.amazonaws.SdkClientException: Unable to execute HTTP request: sqs.us-east-1.amazonaws.com
	at com.amazonaws.http.AmazonHttpClient$RequestExecutor.handleRetryableException(AmazonHttpClient.java:1201) ~[aws-java-sdk-core-1.11.760.jar:?]
	at com.amazonaws.http.AmazonHttpClient$RequestExecutor.executeHelper(AmazonHttpClient.java:1147) ~[aws-java-sdk-core-1.11.760.jar:?]
	at com.amazonaws.http.AmazonHttpClient$RequestExecutor.doExecute(AmazonHttpClient.java:796) ~[aws-java-sdk-core-1.11.760.jar:?]
	at com.amazonaws.http.AmazonHttpClient$RequestExecutor.executeWithTimer(AmazonHttpClient.java:764) ~[aws-java-sdk-core-1.11.760.jar:?]
	at com.amazonaws.http.AmazonHttpClient$RequestExecutor.execute(AmazonHttpClient.java:738) ~[aws-java-sdk-core-1.11.760.jar:?]
	at com.amazonaws.http.AmazonHttpClient$RequestExecutor.access$500(AmazonHttpClient.java:698) ~[aws-java-sdk-core-1.11.760.jar:?]
	at com.amazonaws.http.AmazonHttpClient$RequestExecutionBuilderImpl.execute(AmazonHttpClient.java:680) ~[aws-java-sdk-core-1.11.760.jar:?]
	at com.amazonaws.http.AmazonHttpClient.execute(AmazonHttpClient.java:544) ~[aws-java-sdk-core-1.11.760.jar:?]
	at com.amazonaws.http.AmazonHttpClient.execute(AmazonHttpClient.java:524) ~[aws-java-sdk-core-1.11.760.jar:?]
	at com.amazonaws.services.sqs.AmazonSQSClient.doInvoke(AmazonSQSClient.java:2147) ~[aws-java-sdk-sqs-1.11.415.jar:?]
	at com.amazonaws.services.sqs.AmazonSQSClient.invoke(AmazonSQSClient.java:2116) ~[aws-java-sdk-sqs-1.11.415.jar:?]
	at com.amazonaws.services.sqs.AmazonSQSClient.invoke(AmazonSQSClient.java:2105) ~[aws-java-sdk-sqs-1.11.415.jar:?]
	at com.amazonaws.services.sqs.AmazonSQSClient.executeReceiveMessage(AmazonSQSClient.java:1559) ~[aws-java-sdk-sqs-1.11.415.jar:?]
	at com.amazonaws.services.sqs.AmazonSQSClient.receiveMessage(AmazonSQSClient.java:1530) ~[aws-java-sdk-sqs-1.11.415.jar:?]
	at org.springframework.cloud.aws.messaging.listener.SimpleMessageListenerContainer$AsynchronousMessageListener.run(SimpleMessageListenerContainer.java:335) [spring-cloud-aws-messaging-2.1.2.RELEASE.jar:2.1.2.RELEASE]
	at java.util.concurrent.Executors$RunnableAdapter.call(Executors.java:515) [?:?]
	at java.util.concurrent.FutureTask.run(FutureTask.java:264) [?:?]
	at java.util.concurrent.ThreadPoolExecutor.runWorker(ThreadPoolExecutor.java:1128) [?:?]
	at java.util.concurrent.ThreadPoolExecutor$Worker.run(ThreadPoolExecutor.java:628) [?:?]
	at java.lang.Thread.run(Thread.java:834) [?:?]
Caused by: java.net.UnknownHostException: sqs.us-east-1.amazonaws.com
	at java.net.InetAddress$CachedAddresses.get(InetAddress.java:797) ~[?:?]
	at java.net.InetAddress.getAllByName0(InetAddress.java:1505) ~[?:?]
	at java.net.InetAddress.getAllByName(InetAddress.java:1364) ~[?:?]
	at java.net.InetAddress.getAllByName(InetAddress.java:1298) ~[?:?]
	at com.amazonaws.SystemDefaultDnsResolver.resolve(SystemDefaultDnsResolver.java:27) ~[aws-java-sdk-core-1.11.760.jar:?]
	at com.amazonaws.http.DelegatingDnsResolver.resolve(DelegatingDnsResolver.java:38) ~[aws-java-sdk-core-1.11.760.jar:?]
	at org.apache.http.impl.conn.DefaultHttpClientConnectionOperator.connect(DefaultHttpClientConnectionOperator.java:112) ~[httpclient-4.5.9.jar:4.5.9]
	at org.apache.http.impl.conn.PoolingHttpClientConnectionManager.connect(PoolingHttpClientConnectionManager.java:374) ~[httpclient-4.5.9.jar:4.5.9]
	at jdk.internal.reflect.GeneratedMethodAccessor57.invoke(Unknown Source) ~[?:?]
	at jdk.internal.reflect.DelegatingMethodAccessorImpl.invoke(DelegatingMethodAccessorImpl.java:43) ~[?:?]
	at java.lang.reflect.Method.invoke(Method.java:566) ~[?:?]
	at com.amazonaws.http.conn.ClientConnectionManagerFactory$Handler.invoke(ClientConnectionManagerFactory.java:76) ~[aws-java-sdk-core-1.11.760.jar:?]
	at com.amazonaws.http.conn.$Proxy81.connect(Unknown Source) ~[?:?]
	at org.apache.http.impl.execchain.MainClientExec.establishRoute(MainClientExec.java:393) ~[httpclient-4.5.9.jar:4.5.9]
	at org.apache.http.impl.execchain.MainClientExec.execute(MainClientExec.java:236) ~[httpclient-4.5.9.jar:4.5.9]
	at org.apache.http.impl.execchain.ProtocolExec.execute(ProtocolExec.java:186) ~[httpclient-4.5.9.jar:4.5.9]
	at org.apache.http.impl.client.InternalHttpClient.doExecute(InternalHttpClient.java:185) ~[httpclient-4.5.9.jar:4.5.9]
	at org.apache.http.impl.client.CloseableHttpClient.execute(CloseableHttpClient.java:83) ~[httpclient-4.5.9.jar:4.5.9]
	at org.apache.http.impl.client.CloseableHttpClient.execute(CloseableHttpClient.java:56) ~[httpclient-4.5.9.jar:4.5.9]
	at com.amazonaws.http.apache.client.impl.SdkHttpClient.execute(SdkHttpClient.java:72) ~[aws-java-sdk-core-1.11.760.jar:?]
	at com.amazonaws.http.AmazonHttpClient$RequestExecutor.executeOneRequest(AmazonHttpClient.java:1323) ~[aws-java-sdk-core-1.11.760.jar:?]
	at com.amazonaws.http.AmazonHttpClient$RequestExecutor.executeHelper(AmazonHttpClient.java:1139) ~[aws-java-sdk-core-1.11.760.jar:?]
	... 18 more
2020-04-09 11:42:54.058 INFO  Thread-2 ThreadPoolTaskExecutor - Shutting down ExecutorService 'applicationTaskExecutor' 
2020-04-09 11:42:54.059 INFO  Thread-2 ThreadPoolTaskExecutor - Shutting down ExecutorService 
